<?xml version="1.0" encoding="UTF-8"?>
<!-- Generated by org.testng.reporters.JUnitReportReporter -->
<testsuite hostname="DESKTOP-4NDN0OD" failures="0" tests="2" name="com.data.DataProviderTest" time="0.033" errors="0" timestamp="04 Mar 2023 06:11:10 GMT" skipped="0">
  <testcase classname="com.data.DataProviderTest" name="f" time="0.029"/>
  <testcase classname="com.data.DataProviderTest" name="f" time="0.004"/>
</testsuite> <!-- com.data.DataProviderTest -->
